app/build/outputs/logs/manifest-merger-debug-report.txt
-- Merging decision tree log ---
manifest
ADDED from src/main/AndroidManifest.xml:2:1-103:12
	package
		ADDED from src/main/AndroidManifest.xml:3:3-23
		INJECTED from src/main/AndroidManifest.xml
		INJECTED from src/main/AndroidManifest.xml
	android:versionName
		ADDED from src/main/AndroidManifest.xml:3:24-52
		INJECTED from src/main/AndroidManifest.xml
		INJECTED from src/main/AndroidManifest.xml
	android:versionCode
		ADDED from src/main/AndroidManifest.xml:3:53-77
		INJECTED from src/main/AndroidManifest.xml
		INJECTED from src/main/AndroidManifest.xml
	xmlns:android
		ADDED from src/main/AndroidManifest.xml:2:11-69
application
ADDED from src/main/AndroidManifest.xml:5:3-94:17
	android:backupAgent
		ADDED from src/main/AndroidManifest.xml:5:81-132
	android:label
		ADDED from src/main/AndroidManifest.xml:5:16-48
	android:allowBackup
		ADDED from src/main/AndroidManifest.xml:5:166-192
	android:icon
		ADDED from src/main/AndroidManifest.xml:5:49-80
	android:restoreAnyVersion
		ADDED from src/main/AndroidManifest.xml:5:133-165
activity#org.redbus.ui.RedbusTabView
ADDED from src/main/AndroidManifest.xml:7:8-12:16
	android:label
		ADDED from src/main/AndroidManifest.xml:7:51-88
	android:name
		ADDED from src/main/AndroidManifest.xml:7:18-50
intent-filter#android.intent.action.MAIN+android.intent.category.LAUNCHER
ADDED from src/main/AndroidManifest.xml:8:9-11:23
action#android.intent.action.MAIN
ADDED from src/main/AndroidManifest.xml:9:9-68
	android:name
		ADDED from src/main/AndroidManifest.xml:9:17-58
category#android.intent.category.LAUNCHER
ADDED from src/main/AndroidManifest.xml:10:9-78
	android:name
		ADDED from src/main/AndroidManifest.xml:10:19-66
activity-alias#org.redbus.RedbusTabView
ADDED from src/main/AndroidManifest.xml:14:5-19:22
	android:label
		ADDED from src/main/AndroidManifest.xml:14:93-130
	android:targetActivity
		ADDED from src/main/AndroidManifest.xml:14:50-92
	android:name
		ADDED from src/main/AndroidManifest.xml:14:21-49
intent-filter#android.intent.action.MAIN
ADDED from src/main/AndroidManifest.xml:15:9-18:23
activity-alias#org.redbus.StopBookmarksActivity
ADDED from src/main/AndroidManifest.xml:21:5-26:22
	android:label
		ADDED from src/main/AndroidManifest.xml:21:101-138
	android:targetActivity
		ADDED from src/main/AndroidManifest.xml:21:58-100
	android:name
		ADDED from src/main/AndroidManifest.xml:21:21-57
activity#org.redbus.ui.CreateShortcutActivity
ADDED from src/main/AndroidManifest.xml:31:5-36:16
	android:label
		ADDED from src/main/AndroidManifest.xml:31:101-129
	android:theme
		ADDED from src/main/AndroidManifest.xml:31:57-100
	android:name
		ADDED from src/main/AndroidManifest.xml:31:15-56
intent-filter#android.intent.action.CREATE_SHORTCUT+android.intent.category.DEFAULT
ADDED from src/main/AndroidManifest.xml:32:11-35:27
action#android.intent.action.CREATE_SHORTCUT
ADDED from src/main/AndroidManifest.xml:33:13-83
	android:name
		ADDED from src/main/AndroidManifest.xml:33:21-73
category#android.intent.category.DEFAULT
ADDED from src/main/AndroidManifest.xml:34:13-81
	android:name
		ADDED from src/main/AndroidManifest.xml:34:23-69
activity#org.redbus.ui.arrivaltime.ArrivalTimeActivity
ADDED from src/main/AndroidManifest.xml:40:5-50:16
	android:name
		ADDED from src/main/AndroidManifest.xml:40:15-65
intent-filter#android.intent.action.VIEW+android.intent.category.BROWSABLE+android.intent.category.DEFAULT
ADDED from src/main/AndroidManifest.xml:44:8-49:23
action#android.intent.action.VIEW
ADDED from src/main/AndroidManifest.xml:45:9-61
	android:name
		ADDED from src/main/AndroidManifest.xml:45:17-58
category#android.intent.category.BROWSABLE
ADDED from src/main/AndroidManifest.xml:47:9-69
	android:name
		ADDED from src/main/AndroidManifest.xml:47:19-67
data
ADDED from src/main/AndroidManifest.xml:48:9-80
	android:host
		ADDED from src/main/AndroidManifest.xml:48:37-77
	android:scheme
		ADDED from src/main/AndroidManifest.xml:48:15-36
activity-alias#org.redbus.BusTimesActivity
ADDED from src/main/AndroidManifest.xml:52:5-56:22
	android:label
		ADDED from src/main/AndroidManifest.xml:52:114-139
	android:targetActivity
		ADDED from src/main/AndroidManifest.xml:52:53-113
	android:name
		ADDED from src/main/AndroidManifest.xml:52:21-52
activity#org.redbus.ui.trafficinfo.TrafficInfoActivity
ADDED from src/main/AndroidManifest.xml:60:5-64:16
	android:name
		ADDED from src/main/AndroidManifest.xml:60:15-65
activity#org.redbus.ui.arrivaltime.NearbyBookmarkedArrivalTimeActivity
ADDED from src/main/AndroidManifest.xml:67:5-116
	android:label
		ADDED from src/main/AndroidManifest.xml:67:82-113
	android:name
		ADDED from src/main/AndroidManifest.xml:67:15-81
activity#org.redbus.ui.SpeakWhereIamActivity
ADDED from src/main/AndroidManifest.xml:69:5-73:11
	android:label
		ADDED from src/main/AndroidManifest.xml:72:9-35
	android:configChanges
		ADDED from src/main/AndroidManifest.xml:70:9-44
	android:theme
		ADDED from src/main/AndroidManifest.xml:71:9-52
	android:name
		ADDED from src/main/AndroidManifest.xml:69:15-55
activity#org.redbus.ui.stopmap.StopMapActivity
ADDED from src/main/AndroidManifest.xml:86:5-80
	android:label
		ADDED from src/main/AndroidManifest.xml:86:58-77
	android:name
		ADDED from src/main/AndroidManifest.xml:86:15-57
activity#org.redbus.ui.BookmarksActivity
ADDED from src/main/AndroidManifest.xml:87:5-92
	android:label
		ADDED from src/main/AndroidManifest.xml:87:52-89
	android:name
		ADDED from src/main/AndroidManifest.xml:87:15-51
uses-library#com.google.android.maps
ADDED from src/main/AndroidManifest.xml:88:5-60
	android:name
		ADDED from src/main/AndroidManifest.xml:88:19-57
receiver#org.redbus.ui.alert.TemporalAlert
ADDED from src/main/AndroidManifest.xml:89:5-55
	android:name
		ADDED from src/main/AndroidManifest.xml:89:15-53
receiver#org.redbus.ui.alert.ProximityAlert
ADDED from src/main/AndroidManifest.xml:90:5-56
	android:name
		ADDED from src/main/AndroidManifest.xml:90:15-54
receiver#org.redbus.ui.alert.AlertNotificationPressedReceiver
ADDED from src/main/AndroidManifest.xml:91:5-74
	android:name
		ADDED from src/main/AndroidManifest.xml:91:15-72
meta-data#com.google.android.backup.api_key
ADDED from src/main/AndroidManifest.xml:93:5-134
	android:value
		ADDED from src/main/AndroidManifest.xml:93:65-131
	android:name
		ADDED from src/main/AndroidManifest.xml:93:16-64
uses-sdk
ADDED from src/main/AndroidManifest.xml:96:3-40
	android:targetSdkVersion
		INJECTED from src/main/AndroidManifest.xml
		INJECTED from src/main/AndroidManifest.xml
	android:minSdkVersion
		ADDED from src/main/AndroidManifest.xml:96:13-38
		INJECTED from src/main/AndroidManifest.xml
		INJECTED from src/main/AndroidManifest.xml
supports-screens
ADDED from src/main/AndroidManifest.xml:97:3-79
	android:largeScreens
		ADDED from src/main/AndroidManifest.xml:97:49-76
	android:smallScreens
		ADDED from src/main/AndroidManifest.xml:97:21-48
uses-permission#android.permission.INTERNET
ADDED from src/main/AndroidManifest.xml:98:3-64
	android:name
		ADDED from src/main/AndroidManifest.xml:98:20-62
uses-permission#android.permission.ACCESS_FINE_LOCATION
ADDED from src/main/AndroidManifest.xml:99:3-76
	android:name
		ADDED from src/main/AndroidManifest.xml:99:20-74
uses-permission#android.permission.ACCESS_COARSE_LOCATION
ADDED from src/main/AndroidManifest.xml:100:5-80
	android:name
		ADDED from src/main/AndroidManifest.xml:100:22-78
uses-permission#android.permission.VIBRATE
ADDED from src/main/AndroidManifest.xml:101:5-66
	android:name
		ADDED from src/main/AndroidManifest.xml:101:22-63
uses-feature#android.hardware.location.gps
ADDED from src/main/AndroidManifest.xml:102:3-88
	android:required
		ADDED from src/main/AndroidManifest.xml:102:62-86
	android:name
		ADDED from src/main/AndroidManifest.xml:102:17-61